[0.589s] DEBUG:colcon:Command line arguments: ['/usr/bin/colcon', 'build', '--packages-select', 'happymimi_recognition_msgs2']
[0.589s] DEBUG:colcon:Parsed command line arguments: Namespace(log_base=None, log_level=None, verb_name='build', build_base='build', install_base='install', merge_install=False, symlink_install=False, test_result_base=None, continue_on_error=False, executor='parallel', parallel_workers=8, event_handlers=None, ignore_user_meta=False, metas=['./colcon.meta'], base_paths=['.'], packages_ignore=None, packages_ignore_regex=None, paths=None, packages_up_to=None, packages_up_to_regex=None, packages_above=None, packages_above_and_dependencies=None, packages_above_depth=None, packages_select_by_dep=None, packages_skip_by_dep=None, packages_skip_up_to=None, packages_select_build_failed=False, packages_skip_build_finished=False, packages_select_test_failures=False, packages_skip_test_passed=False, packages_select=['happymimi_recognition_msgs2'], packages_skip=None, packages_select_regex=None, packages_skip_regex=None, packages_start=None, packages_end=None, allow_overriding=[], cmake_args=None, cmake_target=None, cmake_target_skip_unavailable=False, cmake_clean_cache=False, cmake_clean_first=False, cmake_force_configure=False, ament_cmake_args=None, catkin_cmake_args=None, catkin_skip_building_tests=False, verb_parser=<colcon_defaults.argument_parser.defaults.DefaultArgumentsDecorator object at 0x7f1c739b9510>, verb_extension=<colcon_core.verb.build.BuildVerb object at 0x7f1c73a066e0>, main=<bound method BuildVerb.main of <colcon_core.verb.build.BuildVerb object at 0x7f1c73a066e0>>)
[0.617s] Level 1:colcon.colcon_core.package_discovery:discover_packages(colcon_meta) check parameters
[0.617s] Level 1:colcon.colcon_core.package_discovery:discover_packages(recursive) check parameters
[0.617s] Level 1:colcon.colcon_core.package_discovery:discover_packages(ignore) check parameters
[0.617s] Level 1:colcon.colcon_core.package_discovery:discover_packages(path) check parameters
[0.617s] Level 1:colcon.colcon_core.package_discovery:discover_packages(colcon_meta) discover
[0.617s] Level 1:colcon.colcon_core.package_discovery:discover_packages(recursive) discover
[0.617s] INFO:colcon.colcon_core.package_discovery:Crawling recursively for packages in '/home/tk/ros2_ws/src/happymimi_recognition2/happymimi_recognition_msgs2'
[0.617s] Level 1:colcon.colcon_core.package_identification:_identify(.) by extensions ['ignore', 'ignore_ament_install']
[0.617s] Level 1:colcon.colcon_core.package_identification:_identify(.) by extension 'ignore'
[0.617s] Level 1:colcon.colcon_core.package_identification:_identify(.) by extension 'ignore_ament_install'
[0.617s] Level 1:colcon.colcon_core.package_identification:_identify(.) by extensions ['colcon_pkg']
[0.617s] Level 1:colcon.colcon_core.package_identification:_identify(.) by extension 'colcon_pkg'
[0.617s] Level 1:colcon.colcon_core.package_identification:_identify(.) by extensions ['colcon_meta']
[0.617s] Level 1:colcon.colcon_core.package_identification:_identify(.) by extension 'colcon_meta'
[0.618s] Level 1:colcon.colcon_core.package_identification:_identify(.) by extensions ['ros']
[0.618s] Level 1:colcon.colcon_core.package_identification:_identify(.) by extension 'ros'
[0.626s] DEBUG:colcon.colcon_core.package_identification:Package '.' with type 'ros.ament_cmake' and name 'happymimi_recognition_msgs2'
[0.626s] Level 1:colcon.colcon_core.package_discovery:discover_packages(recursive) using defaults
[0.626s] Level 1:colcon.colcon_core.package_discovery:discover_packages(ignore) discover
[0.626s] Level 1:colcon.colcon_core.package_discovery:discover_packages(ignore) using defaults
[0.626s] Level 1:colcon.colcon_core.package_discovery:discover_packages(path) discover
[0.626s] Level 1:colcon.colcon_core.package_discovery:discover_packages(path) using defaults
[0.680s] Level 1:colcon.colcon_core.package_discovery:discover_packages(prefix_path) check parameters
[0.680s] Level 1:colcon.colcon_core.package_discovery:discover_packages(prefix_path) discover
[0.697s] DEBUG:colcon.colcon_installed_package_information.package_discovery:Found 8 installed packages in /home/tk/ros2_ws/install
[0.706s] DEBUG:colcon.colcon_installed_package_information.package_discovery:Found 328 installed packages in /opt/ros/humble
[0.707s] Level 1:colcon.colcon_core.package_discovery:discover_packages(prefix_path) using defaults
[0.770s] Level 5:colcon.colcon_core.verb:set package 'happymimi_recognition_msgs2' build argument 'cmake_args' from command line to 'None'
[0.770s] Level 5:colcon.colcon_core.verb:set package 'happymimi_recognition_msgs2' build argument 'cmake_target' from command line to 'None'
[0.770s] Level 5:colcon.colcon_core.verb:set package 'happymimi_recognition_msgs2' build argument 'cmake_target_skip_unavailable' from command line to 'False'
[0.770s] Level 5:colcon.colcon_core.verb:set package 'happymimi_recognition_msgs2' build argument 'cmake_clean_cache' from command line to 'False'
[0.770s] Level 5:colcon.colcon_core.verb:set package 'happymimi_recognition_msgs2' build argument 'cmake_clean_first' from command line to 'False'
[0.770s] Level 5:colcon.colcon_core.verb:set package 'happymimi_recognition_msgs2' build argument 'cmake_force_configure' from command line to 'False'
[0.770s] Level 5:colcon.colcon_core.verb:set package 'happymimi_recognition_msgs2' build argument 'ament_cmake_args' from command line to 'None'
[0.770s] Level 5:colcon.colcon_core.verb:set package 'happymimi_recognition_msgs2' build argument 'catkin_cmake_args' from command line to 'None'
[0.770s] Level 5:colcon.colcon_core.verb:set package 'happymimi_recognition_msgs2' build argument 'catkin_skip_building_tests' from command line to 'False'
[0.770s] DEBUG:colcon.colcon_core.verb:Building package 'happymimi_recognition_msgs2' with the following arguments: {'ament_cmake_args': None, 'build_base': '/home/tk/ros2_ws/src/happymimi_recognition2/happymimi_recognition_msgs2/build/happymimi_recognition_msgs2', 'catkin_cmake_args': None, 'catkin_skip_building_tests': False, 'cmake_args': None, 'cmake_clean_cache': False, 'cmake_clean_first': False, 'cmake_force_configure': False, 'cmake_target': None, 'cmake_target_skip_unavailable': False, 'install_base': '/home/tk/ros2_ws/src/happymimi_recognition2/happymimi_recognition_msgs2/install/happymimi_recognition_msgs2', 'merge_install': False, 'path': '/home/tk/ros2_ws/src/happymimi_recognition2/happymimi_recognition_msgs2', 'symlink_install': False, 'test_result_base': None}
[0.779s] INFO:colcon.colcon_core.executor:Executing jobs using 'parallel' executor
[0.788s] DEBUG:colcon.colcon_parallel_executor.executor.parallel:run_until_complete
[0.789s] INFO:colcon.colcon_ros.task.ament_cmake.build:Building ROS package in '/home/tk/ros2_ws/src/happymimi_recognition2/happymimi_recognition_msgs2' with build type 'ament_cmake'
[0.789s] INFO:colcon.colcon_cmake.task.cmake.build:Building CMake package in '/home/tk/ros2_ws/src/happymimi_recognition2/happymimi_recognition_msgs2'
[0.798s] INFO:colcon.colcon_core.plugin_system:Skipping extension 'colcon_core.shell.bat': Not used on non-Windows systems
[0.798s] INFO:colcon.colcon_core.shell:Skip shell extension 'powershell' for command environment: Not usable outside of PowerShell
[0.799s] DEBUG:colcon.colcon_core.shell:Skip shell extension 'dsv' for command environment
[0.831s] DEBUG:colcon.colcon_core.event_handler.log_command:Invoking command in '/home/tk/ros2_ws/src/happymimi_recognition2/happymimi_recognition_msgs2/build/happymimi_recognition_msgs2': CMAKE_PREFIX_PATH=${CMAKE_PREFIX_PATH}:/home/tk/ros2_ws/install/enter_room_ros2:/opt/ros/humble /usr/bin/cmake --build /home/tk/ros2_ws/src/happymimi_recognition2/happymimi_recognition_msgs2/build/happymimi_recognition_msgs2 -- -j8 -l8
[2.248s] DEBUG:colcon.colcon_core.event_handler.log_command:Invoked command in '/home/tk/ros2_ws/src/happymimi_recognition2/happymimi_recognition_msgs2/build/happymimi_recognition_msgs2' returned '2': CMAKE_PREFIX_PATH=${CMAKE_PREFIX_PATH}:/home/tk/ros2_ws/install/enter_room_ros2:/opt/ros/humble /usr/bin/cmake --build /home/tk/ros2_ws/src/happymimi_recognition2/happymimi_recognition_msgs2/build/happymimi_recognition_msgs2 -- -j8 -l8
[2.375s] Level 1:colcon.colcon_core.environment:create_environment_scripts_only(happymimi_recognition_msgs2)
[2.385s] Level 1:colcon.colcon_core.environment:checking '/home/tk/ros2_ws/src/happymimi_recognition2/happymimi_recognition_msgs2/install/happymimi_recognition_msgs2' for CMake module files
[2.385s] Level 1:colcon.colcon_core.environment:checking '/home/tk/ros2_ws/src/happymimi_recognition2/happymimi_recognition_msgs2/install/happymimi_recognition_msgs2' for CMake config files
[2.385s] Level 1:colcon.colcon_core.environment:checking '/home/tk/ros2_ws/src/happymimi_recognition2/happymimi_recognition_msgs2/install/happymimi_recognition_msgs2/bin'
[2.385s] Level 1:colcon.colcon_core.environment:checking '/home/tk/ros2_ws/src/happymimi_recognition2/happymimi_recognition_msgs2/install/happymimi_recognition_msgs2/lib/pkgconfig/happymimi_recognition_msgs2.pc'
[2.385s] Level 1:colcon.colcon_core.environment:checking '/home/tk/ros2_ws/src/happymimi_recognition2/happymimi_recognition_msgs2/install/happymimi_recognition_msgs2/lib/python3.10/site-packages'
[2.386s] Level 1:colcon.colcon_core.environment:checking '/home/tk/ros2_ws/src/happymimi_recognition2/happymimi_recognition_msgs2/install/happymimi_recognition_msgs2/bin'
[2.394s] INFO:colcon.colcon_core.shell:Creating package script '/home/tk/ros2_ws/src/happymimi_recognition2/happymimi_recognition_msgs2/install/happymimi_recognition_msgs2/share/happymimi_recognition_msgs2/package.ps1'
[2.395s] INFO:colcon.colcon_core.shell:Creating package descriptor '/home/tk/ros2_ws/src/happymimi_recognition2/happymimi_recognition_msgs2/install/happymimi_recognition_msgs2/share/happymimi_recognition_msgs2/package.dsv'
[2.395s] INFO:colcon.colcon_core.shell:Creating package script '/home/tk/ros2_ws/src/happymimi_recognition2/happymimi_recognition_msgs2/install/happymimi_recognition_msgs2/share/happymimi_recognition_msgs2/package.sh'
[2.396s] INFO:colcon.colcon_core.shell:Creating package script '/home/tk/ros2_ws/src/happymimi_recognition2/happymimi_recognition_msgs2/install/happymimi_recognition_msgs2/share/happymimi_recognition_msgs2/package.bash'
[2.396s] INFO:colcon.colcon_core.shell:Creating package script '/home/tk/ros2_ws/src/happymimi_recognition2/happymimi_recognition_msgs2/install/happymimi_recognition_msgs2/share/happymimi_recognition_msgs2/package.zsh'
[2.396s] Level 1:colcon.colcon_core.environment:create_file_with_runtime_dependencies(/home/tk/ros2_ws/src/happymimi_recognition2/happymimi_recognition_msgs2/install/happymimi_recognition_msgs2/share/colcon-core/packages/happymimi_recognition_msgs2)
[2.407s] DEBUG:colcon.colcon_parallel_executor.executor.parallel:closing loop
[2.407s] DEBUG:colcon.colcon_parallel_executor.executor.parallel:loop closed
[2.407s] DEBUG:colcon.colcon_parallel_executor.executor.parallel:run_until_complete finished with '2'
[2.407s] DEBUG:colcon.colcon_core.event_reactor:joining thread
[2.423s] INFO:colcon.colcon_core.plugin_system:Skipping extension 'colcon_notification.desktop_notification.terminal_notifier': Not used on non-Darwin systems
[2.423s] INFO:colcon.colcon_core.plugin_system:Skipping extension 'colcon_notification.desktop_notification.win32': Not used on non-Windows systems
[2.423s] INFO:colcon.colcon_notification.desktop_notification:Sending desktop notification using 'notify2'
[2.431s] DEBUG:colcon.colcon_core.event_reactor:joined thread
[2.440s] INFO:colcon.colcon_core.shell:Creating prefix script '/home/tk/ros2_ws/src/happymimi_recognition2/happymimi_recognition_msgs2/install/local_setup.ps1'
[2.441s] INFO:colcon.colcon_core.shell:Creating prefix util module '/home/tk/ros2_ws/src/happymimi_recognition2/happymimi_recognition_msgs2/install/_local_setup_util_ps1.py'
[2.442s] INFO:colcon.colcon_core.shell:Creating prefix chain script '/home/tk/ros2_ws/src/happymimi_recognition2/happymimi_recognition_msgs2/install/setup.ps1'
[2.451s] INFO:colcon.colcon_core.shell:Creating prefix script '/home/tk/ros2_ws/src/happymimi_recognition2/happymimi_recognition_msgs2/install/local_setup.sh'
[2.452s] INFO:colcon.colcon_core.shell:Creating prefix util module '/home/tk/ros2_ws/src/happymimi_recognition2/happymimi_recognition_msgs2/install/_local_setup_util_sh.py'
[2.452s] INFO:colcon.colcon_core.shell:Creating prefix chain script '/home/tk/ros2_ws/src/happymimi_recognition2/happymimi_recognition_msgs2/install/setup.sh'
[2.462s] INFO:colcon.colcon_core.shell:Creating prefix script '/home/tk/ros2_ws/src/happymimi_recognition2/happymimi_recognition_msgs2/install/local_setup.bash'
[2.462s] INFO:colcon.colcon_core.shell:Creating prefix chain script '/home/tk/ros2_ws/src/happymimi_recognition2/happymimi_recognition_msgs2/install/setup.bash'
[2.472s] INFO:colcon.colcon_core.shell:Creating prefix script '/home/tk/ros2_ws/src/happymimi_recognition2/happymimi_recognition_msgs2/install/local_setup.zsh'
[2.472s] INFO:colcon.colcon_core.shell:Creating prefix chain script '/home/tk/ros2_ws/src/happymimi_recognition2/happymimi_recognition_msgs2/install/setup.zsh'
