-- Found ament_cmake: 1.3.5 (/opt/ros/humble/share/ament_cmake/cmake)
-- Found geometry_msgs: 4.2.3 (/opt/ros/humble/share/geometry_msgs/cmake)
-- Found rosidl_generator_c: 3.1.5 (/opt/ros/humble/share/rosidl_generator_c/cmake)
-- Found rosidl_adapter: 3.1.5 (/opt/ros/humble/share/rosidl_adapter/cmake)
-- Found rosidl_generator_cpp: 3.1.5 (/opt/ros/humble/share/rosidl_generator_cpp/cmake)
-- Using all available rosidl_typesupport_c: rosidl_typesupport_fastrtps_c;rosidl_typesupport_introspection_c
-- Using all available rosidl_typesupport_cpp: rosidl_typesupport_fastrtps_cpp;rosidl_typesupport_introspection_cpp
-- Found rosidl_default_generators: 1.2.0 (/opt/ros/humble/share/rosidl_default_generators/cmake)
-- Found happymimi_msgs_ros2: 0.0.0 (/home/tk/ros2_ws/install/happymimi_msgs_ros2/share/happymimi_msgs_ros2/cmake)
-- Found action_msgs: 1.2.1 (/opt/ros/humble/share/action_msgs/cmake)
-- Found ament_cmake_ros: 0.10.0 (/opt/ros/humble/share/ament_cmake_ros/cmake)
-- Using all available rosidl_typesupport_c: rosidl_typesupport_fastrtps_c;rosidl_typesupport_introspection_c
-- Using all available rosidl_typesupport_cpp: rosidl_typesupport_fastrtps_cpp;rosidl_typesupport_introspection_cpp
-- Found python_cmake_module: 0.10.0 (/opt/ros/humble/share/python_cmake_module/cmake)
-- Using PYTHON_EXECUTABLE: /usr/bin/python3
-- Using PYTHON_INCLUDE_DIRS: /usr/include/python3.10
-- Using PYTHON_LIBRARIES: /usr/lib/x86_64-linux-gnu/libpython3.10.so
-- Found ament_lint_auto: 0.12.8 (/opt/ros/humble/share/ament_lint_auto/cmake)
-- Added test 'copyright' to check source files copyright and LICENSE
-- Added test 'cppcheck' to perform static code analysis on C / C++ code
-- Configured cppcheck include dirs: $<BUILD_INTERFACE:/home/tk/ros2_ws/src/happymimi_recognition2/happymimi_recognition_msgs2/build/happymimi_recognition_msgs2/rosidl_generator_c>;$<BUILD_INTERFACE:/home/tk/ros2_ws/src/happymimi_recognition2/happymimi_recognition_msgs2/build/happymimi_recognition_msgs2/rosidl_typesupport_fastrtps_c>;$<BUILD_INTERFACE:/home/tk/ros2_ws/src/happymimi_recognition2/happymimi_recognition_msgs2/build/happymimi_recognition_msgs2/rosidl_generator_cpp>;$<BUILD_INTERFACE:/home/tk/ros2_ws/src/happymimi_recognition2/happymimi_recognition_msgs2/build/happymimi_recognition_msgs2/rosidl_typesupport_fastrtps_cpp>;$<BUILD_INTERFACE:/home/tk/ros2_ws/src/happymimi_recognition2/happymimi_recognition_msgs2/build/happymimi_recognition_msgs2/rosidl_typesupport_introspection_c>;$<BUILD_INTERFACE:/home/tk/ros2_ws/src/happymimi_recognition2/happymimi_recognition_msgs2/build/happymimi_recognition_msgs2/rosidl_typesupport_introspection_cpp>;/home/tk/ros2_ws/src/happymimi_recognition2/happymimi_recognition_msgs2/build/happymimi_recognition_msgs2/rosidl_generator_c;/home/tk/ros2_ws/src/happymimi_recognition2/happymimi_recognition_msgs2/build/happymimi_recognition_msgs2/rosidl_generator_py
-- Configured cppcheck exclude dirs and/or files: 
-- Added test 'cpplint' to check C / C++ code against the Google style
-- Configured cpplint exclude dirs and/or files: 
-- Added test 'flake8' to check Python code syntax and style conventions
-- Added test 'lint_cmake' to check CMake code style
-- Added test 'pep257' to check Python code against some of the docstring style conventions in PEP 257
-- Added test 'uncrustify' to check C / C++ code style
-- Configured uncrustify additional arguments: 
-- Added test 'xmllint' to check XML markup files
-- Configuring done
-- Generating done
-- Build files have been written to: /home/tk/ros2_ws/src/happymimi_recognition2/happymimi_recognition_msgs2/build/happymimi_recognition_msgs2
[35m[1mConsolidate compiler generated dependencies of target happymimi_recognition_msgs2__rosidl_generator_c[0m
[  0%] Built target happymimi_recognition_msgs2__cpp
[  1%] [32mBuilding C object CMakeFiles/happymimi_recognition_msgs2__rosidl_generator_c.dir/rosidl_generator_c/happymimi_recognition_msgs2/srv/detail/recognition_localize__functions.c.o[0m
[  1%] Built target ament_cmake_python_copy_happymimi_recognition_msgs2
[35m[1mConsolidate compiler generated dependencies of target happymimi_recognition_msgs2__rosidl_typesupport_cpp[0m
[35m[1mConsolidate compiler generated dependencies of target happymimi_recognition_msgs2__rosidl_typesupport_fastrtps_cpp[0m
[35m[1mConsolidate compiler generated dependencies of target happymimi_recognition_msgs2__rosidl_typesupport_introspection_cpp[0m
[  2%] [32mBuilding CXX object CMakeFiles/happymimi_recognition_msgs2__rosidl_typesupport_fastrtps_cpp.dir/rosidl_typesupport_fastrtps_cpp/happymimi_recognition_msgs2/srv/detail/dds_fastrtps/recognition_localize__type_support.cpp.o[0m
[  3%] [32mBuilding CXX object CMakeFiles/happymimi_recognition_msgs2__rosidl_typesupport_cpp.dir/rosidl_typesupport_cpp/happymimi_recognition_msgs2/srv/recognition_localize__type_support.cpp.o[0m
[  4%] [32mBuilding CXX object CMakeFiles/happymimi_recognition_msgs2__rosidl_typesupport_introspection_cpp.dir/rosidl_typesupport_introspection_cpp/happymimi_recognition_msgs2/srv/detail/recognition_localize__type_support.cpp.o[0m
[  5%] [32mBuilding CXX object CMakeFiles/happymimi_recognition_msgs2__rosidl_typesupport_introspection_cpp.dir/rosidl_typesupport_introspection_cpp/happymimi_recognition_msgs2/action/detail/recognition_processing__type_support.cpp.o[0m
running egg_info
writing happymimi_recognition_msgs2.egg-info/PKG-INFO
writing dependency_links to happymimi_recognition_msgs2.egg-info/dependency_links.txt
writing top-level names to happymimi_recognition_msgs2.egg-info/top_level.txt
reading manifest file 'happymimi_recognition_msgs2.egg-info/SOURCES.txt'
writing manifest file 'happymimi_recognition_msgs2.egg-info/SOURCES.txt'
[  5%] Built target ament_cmake_python_build_happymimi_recognition_msgs2_egg
