[0.042s] Invoking command in '/home/tk/ros2_ws/src/happymimi_recognition2/happymimi_recognition_msgs2/build/happymimi_recognition_msgs2': CMAKE_PREFIX_PATH=${CMAKE_PREFIX_PATH}:/home/tk/ros2_ws/install/enter_room_ros2:/opt/ros/humble /usr/bin/cmake --build /home/tk/ros2_ws/src/happymimi_recognition2/happymimi_recognition_msgs2/build/happymimi_recognition_msgs2 -- -j8 -l8
[0.059s] -- Found ament_cmake: 1.3.5 (/opt/ros/humble/share/ament_cmake/cmake)
[0.145s] -- Found geometry_msgs: 4.2.3 (/opt/ros/humble/share/geometry_msgs/cmake)
[0.160s] -- Found rosidl_generator_c: 3.1.5 (/opt/ros/humble/share/rosidl_generator_c/cmake)
[0.161s] -- Found rosidl_adapter: 3.1.5 (/opt/ros/humble/share/rosidl_adapter/cmake)
[0.164s] -- Found rosidl_generator_cpp: 3.1.5 (/opt/ros/humble/share/rosidl_generator_cpp/cmake)
[0.171s] -- Using all available rosidl_typesupport_c: rosidl_typesupport_fastrtps_c;rosidl_typesupport_introspection_c
[0.180s] -- Using all available rosidl_typesupport_cpp: rosidl_typesupport_fastrtps_cpp;rosidl_typesupport_introspection_cpp
[0.246s] -- Found rosidl_default_generators: 1.2.0 (/opt/ros/humble/share/rosidl_default_generators/cmake)
[0.250s] -- Found happymimi_msgs_ros2: 0.0.0 (/home/tk/ros2_ws/install/happymimi_msgs_ros2/share/happymimi_msgs_ros2/cmake)
[0.259s] -- Found action_msgs: 1.2.1 (/opt/ros/humble/share/action_msgs/cmake)
[0.515s] -- Found ament_cmake_ros: 0.10.0 (/opt/ros/humble/share/ament_cmake_ros/cmake)
[0.780s] -- Using all available rosidl_typesupport_c: rosidl_typesupport_fastrtps_c;rosidl_typesupport_introspection_c
[0.884s] -- Using all available rosidl_typesupport_cpp: rosidl_typesupport_fastrtps_cpp;rosidl_typesupport_introspection_cpp
[0.897s] -- Found python_cmake_module: 0.10.0 (/opt/ros/humble/share/python_cmake_module/cmake)
[0.911s] -- Using PYTHON_EXECUTABLE: /usr/bin/python3
[0.911s] -- Using PYTHON_INCLUDE_DIRS: /usr/include/python3.10
[0.911s] -- Using PYTHON_LIBRARIES: /usr/lib/x86_64-linux-gnu/libpython3.10.so
[0.940s] -- Found ament_lint_auto: 0.12.8 (/opt/ros/humble/share/ament_lint_auto/cmake)
[0.945s] -- Added test 'copyright' to check source files copyright and LICENSE
[0.960s] -- Added test 'cppcheck' to perform static code analysis on C / C++ code
[0.960s] -- Configured cppcheck include dirs: $<BUILD_INTERFACE:/home/tk/ros2_ws/src/happymimi_recognition2/happymimi_recognition_msgs2/build/happymimi_recognition_msgs2/rosidl_generator_c>;$<BUILD_INTERFACE:/home/tk/ros2_ws/src/happymimi_recognition2/happymimi_recognition_msgs2/build/happymimi_recognition_msgs2/rosidl_typesupport_fastrtps_c>;$<BUILD_INTERFACE:/home/tk/ros2_ws/src/happymimi_recognition2/happymimi_recognition_msgs2/build/happymimi_recognition_msgs2/rosidl_generator_cpp>;$<BUILD_INTERFACE:/home/tk/ros2_ws/src/happymimi_recognition2/happymimi_recognition_msgs2/build/happymimi_recognition_msgs2/rosidl_typesupport_fastrtps_cpp>;$<BUILD_INTERFACE:/home/tk/ros2_ws/src/happymimi_recognition2/happymimi_recognition_msgs2/build/happymimi_recognition_msgs2/rosidl_typesupport_introspection_c>;$<BUILD_INTERFACE:/home/tk/ros2_ws/src/happymimi_recognition2/happymimi_recognition_msgs2/build/happymimi_recognition_msgs2/rosidl_typesupport_introspection_cpp>;/home/tk/ros2_ws/src/happymimi_recognition2/happymimi_recognition_msgs2/build/happymimi_recognition_msgs2/rosidl_generator_c;/home/tk/ros2_ws/src/happymimi_recognition2/happymimi_recognition_msgs2/build/happymimi_recognition_msgs2/rosidl_generator_py
[0.961s] -- Configured cppcheck exclude dirs and/or files: 
[0.975s] -- Added test 'cpplint' to check C / C++ code against the Google style
[0.975s] -- Configured cpplint exclude dirs and/or files: 
[0.977s] -- Added test 'flake8' to check Python code syntax and style conventions
[0.980s] -- Added test 'lint_cmake' to check CMake code style
[0.982s] -- Added test 'pep257' to check Python code against some of the docstring style conventions in PEP 257
[0.996s] -- Added test 'uncrustify' to check C / C++ code style
[0.996s] -- Configured uncrustify additional arguments: 
[0.998s] -- Added test 'xmllint' to check XML markup files
[0.999s] -- Configuring done
[1.034s] -- Generating done
[1.036s] -- Build files have been written to: /home/tk/ros2_ws/src/happymimi_recognition2/happymimi_recognition_msgs2/build/happymimi_recognition_msgs2
[1.054s] [35m[1mConsolidate compiler generated dependencies of target happymimi_recognition_msgs2__rosidl_generator_c[0m
[1.060s] [  0%] Built target happymimi_recognition_msgs2__cpp
[1.062s] [  1%] [32mBuilding C object CMakeFiles/happymimi_recognition_msgs2__rosidl_generator_c.dir/rosidl_generator_c/happymimi_recognition_msgs2/srv/detail/recognition_localize__functions.c.o[0m
[1.065s] [  1%] Built target ament_cmake_python_copy_happymimi_recognition_msgs2
[1.067s] [35m[1mConsolidate compiler generated dependencies of target happymimi_recognition_msgs2__rosidl_typesupport_cpp[0m
[1.067s] [35m[1mConsolidate compiler generated dependencies of target happymimi_recognition_msgs2__rosidl_typesupport_fastrtps_cpp[0m
[1.069s] [35m[1mConsolidate compiler generated dependencies of target happymimi_recognition_msgs2__rosidl_typesupport_introspection_cpp[0m
[1.074s] In file included from [01m[K/home/tk/ros2_ws/src/happymimi_recognition2/happymimi_recognition_msgs2/build/happymimi_recognition_msgs2/rosidl_generator_c/happymimi_recognition_msgs2/srv/detail/recognition_localize__functions.h:19[m[K,
[1.074s]                  from [01m[K/home/tk/ros2_ws/src/happymimi_recognition2/happymimi_recognition_msgs2/build/happymimi_recognition_msgs2/rosidl_generator_c/happymimi_recognition_msgs2/srv/detail/recognition_localize__functions.c:4[m[K:
[1.074s] [01m[K/home/tk/ros2_ws/src/happymimi_recognition2/happymimi_recognition_msgs2/build/happymimi_recognition_msgs2/rosidl_generator_c/happymimi_recognition_msgs2/srv/detail/recognition_localize__struct.h:24:10:[m[K [01;31m[Kfatal error: [m[Khappymimi_msgs2/msg/detail/str_int__struct.h: No such file or directory
[1.074s]    24 | #include [01;31m[K"happymimi_msgs2/msg/detail/str_int__struct.h"[m[K
[1.074s]       |          [01;31m[K^~~~~~~~~~~~~~~~~~~~~~~~~~~~~~~~~~~~~~~~~~~~~~[m[K
[1.074s] compilation terminated.
[1.074s] gmake[2]: *** [CMakeFiles/happymimi_recognition_msgs2__rosidl_generator_c.dir/build.make:434: CMakeFiles/happymimi_recognition_msgs2__rosidl_generator_c.dir/rosidl_generator_c/happymimi_recognition_msgs2/srv/detail/recognition_localize__functions.c.o] Error 1
[1.074s] gmake[1]: *** [CMakeFiles/Makefile2:213: CMakeFiles/happymimi_recognition_msgs2__rosidl_generator_c.dir/all] Error 2
[1.074s] gmake[1]: *** Waiting for unfinished jobs....
[1.081s] [  2%] [32mBuilding CXX object CMakeFiles/happymimi_recognition_msgs2__rosidl_typesupport_fastrtps_cpp.dir/rosidl_typesupport_fastrtps_cpp/happymimi_recognition_msgs2/srv/detail/dds_fastrtps/recognition_localize__type_support.cpp.o[0m
[1.084s] [  3%] [32mBuilding CXX object CMakeFiles/happymimi_recognition_msgs2__rosidl_typesupport_cpp.dir/rosidl_typesupport_cpp/happymimi_recognition_msgs2/srv/recognition_localize__type_support.cpp.o[0m
[1.085s] [  4%] [32mBuilding CXX object CMakeFiles/happymimi_recognition_msgs2__rosidl_typesupport_introspection_cpp.dir/rosidl_typesupport_introspection_cpp/happymimi_recognition_msgs2/srv/detail/recognition_localize__type_support.cpp.o[0m
[1.086s] [  5%] [32mBuilding CXX object CMakeFiles/happymimi_recognition_msgs2__rosidl_typesupport_introspection_cpp.dir/rosidl_typesupport_introspection_cpp/happymimi_recognition_msgs2/action/detail/recognition_processing__type_support.cpp.o[0m
[1.118s] In file included from [01m[K/home/tk/ros2_ws/src/happymimi_recognition2/happymimi_recognition_msgs2/build/happymimi_recognition_msgs2/rosidl_typesupport_cpp/happymimi_recognition_msgs2/srv/recognition_localize__type_support.cpp:7[m[K:
[1.118s] [01m[K/home/tk/ros2_ws/src/happymimi_recognition2/happymimi_recognition_msgs2/build/happymimi_recognition_msgs2/rosidl_generator_cpp/happymimi_recognition_msgs2/srv/detail/recognition_localize__struct.hpp:20:10:[m[K [01;31m[Kfatal error: [m[Khappymimi_msgs2/msg/detail/str_int__struct.hpp: No such file or directory
[1.118s]    20 | #include [01;31m[K"happymimi_msgs2/msg/detail/str_int__struct.hpp"[m[K
[1.118s]       |          [01;31m[K^~~~~~~~~~~~~~~~~~~~~~~~~~~~~~~~~~~~~~~~~~~~~~~~[m[K
[1.118s] compilation terminated.
[1.119s] gmake[2]: *** [CMakeFiles/happymimi_recognition_msgs2__rosidl_typesupport_cpp.dir/build.make:307: CMakeFiles/happymimi_recognition_msgs2__rosidl_typesupport_cpp.dir/rosidl_typesupport_cpp/happymimi_recognition_msgs2/srv/recognition_localize__type_support.cpp.o] Error 1
[1.119s] gmake[1]: *** [CMakeFiles/Makefile2:395: CMakeFiles/happymimi_recognition_msgs2__rosidl_typesupport_cpp.dir/all] Error 2
[1.130s] In file included from [01m[K/home/tk/ros2_ws/src/happymimi_recognition2/happymimi_recognition_msgs2/build/happymimi_recognition_msgs2/rosidl_typesupport_fastrtps_cpp/happymimi_recognition_msgs2/srv/detail/recognition_localize__rosidl_typesupport_fastrtps_cpp.hpp:11[m[K,
[1.130s]                  from [01m[K/home/tk/ros2_ws/src/happymimi_recognition2/happymimi_recognition_msgs2/build/happymimi_recognition_msgs2/rosidl_typesupport_fastrtps_cpp/happymimi_recognition_msgs2/srv/detail/dds_fastrtps/recognition_localize__type_support.cpp:4[m[K:
[1.130s] [01m[K/home/tk/ros2_ws/src/happymimi_recognition2/happymimi_recognition_msgs2/build/happymimi_recognition_msgs2/rosidl_generator_cpp/happymimi_recognition_msgs2/srv/detail/recognition_localize__struct.hpp:20:10:[m[K [01;31m[Kfatal error: [m[Khappymimi_msgs2/msg/detail/str_int__struct.hpp: No such file or directory
[1.130s]    20 | #include [01;31m[K"happymimi_msgs2/msg/detail/str_int__struct.hpp"[m[K
[1.130s]       |          [01;31m[K^~~~~~~~~~~~~~~~~~~~~~~~~~~~~~~~~~~~~~~~~~~~~~~~[m[K
[1.131s] compilation terminated.
[1.131s] gmake[2]: *** [CMakeFiles/happymimi_recognition_msgs2__rosidl_typesupport_fastrtps_cpp.dir/build.make:339: CMakeFiles/happymimi_recognition_msgs2__rosidl_typesupport_fastrtps_cpp.dir/rosidl_typesupport_fastrtps_cpp/happymimi_recognition_msgs2/srv/detail/dds_fastrtps/recognition_localize__type_support.cpp.o] Error 1
[1.131s] gmake[1]: *** [CMakeFiles/Makefile2:291: CMakeFiles/happymimi_recognition_msgs2__rosidl_typesupport_fastrtps_cpp.dir/all] Error 2
[1.152s] In file included from [01m[K/home/tk/ros2_ws/src/happymimi_recognition2/happymimi_recognition_msgs2/build/happymimi_recognition_msgs2/rosidl_typesupport_introspection_cpp/happymimi_recognition_msgs2/srv/detail/recognition_localize__type_support.cpp:12[m[K:
[1.152s] [01m[K/home/tk/ros2_ws/src/happymimi_recognition2/happymimi_recognition_msgs2/build/happymimi_recognition_msgs2/rosidl_generator_cpp/happymimi_recognition_msgs2/srv/detail/recognition_localize__struct.hpp:20:10:[m[K [01;31m[Kfatal error: [m[Khappymimi_msgs2/msg/detail/str_int__struct.hpp: No such file or directory
[1.152s]    20 | #include [01;31m[K"happymimi_msgs2/msg/detail/str_int__struct.hpp"[m[K
[1.152s]       |          [01;31m[K^~~~~~~~~~~~~~~~~~~~~~~~~~~~~~~~~~~~~~~~~~~~~~~~[m[K
[1.152s] compilation terminated.
[1.153s] gmake[2]: *** [CMakeFiles/happymimi_recognition_msgs2__rosidl_typesupport_introspection_cpp.dir/build.make:339: CMakeFiles/happymimi_recognition_msgs2__rosidl_typesupport_introspection_cpp.dir/rosidl_typesupport_introspection_cpp/happymimi_recognition_msgs2/srv/detail/recognition_localize__type_support.cpp.o] Error 1
[1.153s] gmake[2]: *** Waiting for unfinished jobs....
[1.230s] running egg_info
[1.231s] writing happymimi_recognition_msgs2.egg-info/PKG-INFO
[1.231s] writing dependency_links to happymimi_recognition_msgs2.egg-info/dependency_links.txt
[1.231s] writing top-level names to happymimi_recognition_msgs2.egg-info/top_level.txt
[1.232s] reading manifest file 'happymimi_recognition_msgs2.egg-info/SOURCES.txt'
[1.233s] writing manifest file 'happymimi_recognition_msgs2.egg-info/SOURCES.txt'
[1.256s] [  5%] Built target ament_cmake_python_build_happymimi_recognition_msgs2_egg
[1.458s] gmake[1]: *** [CMakeFiles/Makefile2:369: CMakeFiles/happymimi_recognition_msgs2__rosidl_typesupport_introspection_cpp.dir/all] Error 2
[1.458s] gmake: *** [Makefile:146: all] Error 2
[1.459s] Invoked command in '/home/tk/ros2_ws/src/happymimi_recognition2/happymimi_recognition_msgs2/build/happymimi_recognition_msgs2' returned '2': CMAKE_PREFIX_PATH=${CMAKE_PREFIX_PATH}:/home/tk/ros2_ws/install/enter_room_ros2:/opt/ros/humble /usr/bin/cmake --build /home/tk/ros2_ws/src/happymimi_recognition2/happymimi_recognition_msgs2/build/happymimi_recognition_msgs2 -- -j8 -l8
