In file included from [01m[K/home/tk/ros2_ws/src/happymimi_recognition2/happymimi_recognition_msgs2/build/happymimi_recognition_msgs2/rosidl_generator_c/happymimi_recognition_msgs2/srv/detail/recognition_localize__functions.h:19[m[K,
                 from [01m[K/home/tk/ros2_ws/src/happymimi_recognition2/happymimi_recognition_msgs2/build/happymimi_recognition_msgs2/rosidl_generator_c/happymimi_recognition_msgs2/srv/detail/recognition_localize__functions.c:4[m[K:
[01m[K/home/tk/ros2_ws/src/happymimi_recognition2/happymimi_recognition_msgs2/build/happymimi_recognition_msgs2/rosidl_generator_c/happymimi_recognition_msgs2/srv/detail/recognition_localize__struct.h:24:10:[m[K [01;31m[Kfatal error: [m[Khappymimi_msgs2/msg/detail/str_int__struct.h: No such file or directory
   24 | #include [01;31m[K"happymimi_msgs2/msg/detail/str_int__struct.h"[m[K
      |          [01;31m[K^~~~~~~~~~~~~~~~~~~~~~~~~~~~~~~~~~~~~~~~~~~~~~[m[K
compilation terminated.
gmake[2]: *** [CMakeFiles/happymimi_recognition_msgs2__rosidl_generator_c.dir/build.make:434: CMakeFiles/happymimi_recognition_msgs2__rosidl_generator_c.dir/rosidl_generator_c/happymimi_recognition_msgs2/srv/detail/recognition_localize__functions.c.o] Error 1
gmake[2]: *** Waiting for unfinished jobs....
gmake[1]: *** [CMakeFiles/Makefile2:213: CMakeFiles/happymimi_recognition_msgs2__rosidl_generator_c.dir/all] Error 2
gmake[1]: *** Waiting for unfinished jobs....
In file included from [01m[K/home/tk/ros2_ws/src/happymimi_recognition2/happymimi_recognition_msgs2/build/happymimi_recognition_msgs2/rosidl_typesupport_cpp/happymimi_recognition_msgs2/srv/recognition_localize__type_support.cpp:7[m[K:
[01m[K/home/tk/ros2_ws/src/happymimi_recognition2/happymimi_recognition_msgs2/build/happymimi_recognition_msgs2/rosidl_generator_cpp/happymimi_recognition_msgs2/srv/detail/recognition_localize__struct.hpp:20:10:[m[K [01;31m[Kfatal error: [m[Khappymimi_msgs2/msg/detail/str_int__struct.hpp: No such file or directory
   20 | #include [01;31m[K"happymimi_msgs2/msg/detail/str_int__struct.hpp"[m[K
      |          [01;31m[K^~~~~~~~~~~~~~~~~~~~~~~~~~~~~~~~~~~~~~~~~~~~~~~~[m[K
compilation terminated.
gmake[2]: *** [CMakeFiles/happymimi_recognition_msgs2__rosidl_typesupport_cpp.dir/build.make:307: CMakeFiles/happymimi_recognition_msgs2__rosidl_typesupport_cpp.dir/rosidl_typesupport_cpp/happymimi_recognition_msgs2/srv/recognition_localize__type_support.cpp.o] Error 1
gmake[2]: *** Waiting for unfinished jobs....
gmake[1]: *** [CMakeFiles/Makefile2:395: CMakeFiles/happymimi_recognition_msgs2__rosidl_typesupport_cpp.dir/all] Error 2
In file included from [01m[K/home/tk/ros2_ws/src/happymimi_recognition2/happymimi_recognition_msgs2/build/happymimi_recognition_msgs2/rosidl_typesupport_introspection_cpp/happymimi_recognition_msgs2/srv/detail/recognition_localize__type_support.cpp:12[m[K:
[01m[K/home/tk/ros2_ws/src/happymimi_recognition2/happymimi_recognition_msgs2/build/happymimi_recognition_msgs2/rosidl_generator_cpp/happymimi_recognition_msgs2/srv/detail/recognition_localize__struct.hpp:20:10:[m[K [01;31m[Kfatal error: [m[Khappymimi_msgs2/msg/detail/str_int__struct.hpp: No such file or directory
   20 | #include [01;31m[K"happymimi_msgs2/msg/detail/str_int__struct.hpp"[m[K
      |          [01;31m[K^~~~~~~~~~~~~~~~~~~~~~~~~~~~~~~~~~~~~~~~~~~~~~~~[m[K
compilation terminated.
gmake[2]: *** [CMakeFiles/happymimi_recognition_msgs2__rosidl_typesupport_introspection_cpp.dir/build.make:339: CMakeFiles/happymimi_recognition_msgs2__rosidl_typesupport_introspection_cpp.dir/rosidl_typesupport_introspection_cpp/happymimi_recognition_msgs2/srv/detail/recognition_localize__type_support.cpp.o] Error 1
gmake[2]: *** Waiting for unfinished jobs....
In file included from [01m[K/home/tk/ros2_ws/src/happymimi_recognition2/happymimi_recognition_msgs2/build/happymimi_recognition_msgs2/rosidl_typesupport_fastrtps_cpp/happymimi_recognition_msgs2/srv/detail/recognition_localize__rosidl_typesupport_fastrtps_cpp.hpp:11[m[K,
                 from [01m[K/home/tk/ros2_ws/src/happymimi_recognition2/happymimi_recognition_msgs2/build/happymimi_recognition_msgs2/rosidl_typesupport_fastrtps_cpp/happymimi_recognition_msgs2/srv/detail/dds_fastrtps/recognition_localize__type_support.cpp:4[m[K:
[01m[K/home/tk/ros2_ws/src/happymimi_recognition2/happymimi_recognition_msgs2/build/happymimi_recognition_msgs2/rosidl_generator_cpp/happymimi_recognition_msgs2/srv/detail/recognition_localize__struct.hpp:20:10:[m[K [01;31m[Kfatal error: [m[Khappymimi_msgs2/msg/detail/str_int__struct.hpp: No such file or directory
   20 | #include [01;31m[K"happymimi_msgs2/msg/detail/str_int__struct.hpp"[m[K
      |          [01;31m[K^~~~~~~~~~~~~~~~~~~~~~~~~~~~~~~~~~~~~~~~~~~~~~~~[m[K
compilation terminated.
gmake[2]: *** [CMakeFiles/happymimi_recognition_msgs2__rosidl_typesupport_fastrtps_cpp.dir/build.make:339: CMakeFiles/happymimi_recognition_msgs2__rosidl_typesupport_fastrtps_cpp.dir/rosidl_typesupport_fastrtps_cpp/happymimi_recognition_msgs2/srv/detail/dds_fastrtps/recognition_localize__type_support.cpp.o] Error 1
gmake[2]: *** Waiting for unfinished jobs....
gmake[1]: *** [CMakeFiles/Makefile2:369: CMakeFiles/happymimi_recognition_msgs2__rosidl_typesupport_introspection_cpp.dir/all] Error 2
gmake[1]: *** [CMakeFiles/Makefile2:291: CMakeFiles/happymimi_recognition_msgs2__rosidl_typesupport_fastrtps_cpp.dir/all] Error 2
gmake: *** [Makefile:146: all] Error 2
