-- The C compiler identification is GNU 11.4.0
-- The CXX compiler identification is GNU 11.4.0
-- Detecting C compiler ABI info
-- Detecting C compiler ABI info - done
-- Check for working C compiler: /usr/bin/cc - skipped
-- Detecting C compile features
-- Detecting C compile features - done
-- Detecting CXX compiler ABI info
-- Detecting CXX compiler ABI info - done
-- Check for working CXX compiler: /usr/bin/c++ - skipped
-- Detecting CXX compile features
-- Detecting CXX compile features - done
-- Found ament_cmake: 1.3.5 (/opt/ros/humble/share/ament_cmake/cmake)
-- Found Python3: /usr/bin/python3.10 (found version "3.10.12") found components: Interpreter 
-- Found geometry_msgs: 4.2.3 (/opt/ros/humble/share/geometry_msgs/cmake)
-- Found rosidl_generator_c: 3.1.5 (/opt/ros/humble/share/rosidl_generator_c/cmake)
-- Found rosidl_adapter: 3.1.5 (/opt/ros/humble/share/rosidl_adapter/cmake)
-- Found rosidl_generator_cpp: 3.1.5 (/opt/ros/humble/share/rosidl_generator_cpp/cmake)
-- Using all available rosidl_typesupport_c: rosidl_typesupport_fastrtps_c;rosidl_typesupport_introspection_c
-- Using all available rosidl_typesupport_cpp: rosidl_typesupport_fastrtps_cpp;rosidl_typesupport_introspection_cpp
-- Found rosidl_default_generators: 1.2.0 (/opt/ros/humble/share/rosidl_default_generators/cmake)
-- Found happymimi_msgs_ros2: 0.0.0 (/home/tk/ros2_ws/install/happymimi_msgs_ros2/share/happymimi_msgs_ros2/cmake)
-- Found action_msgs: 1.2.1 (/opt/ros/humble/share/action_msgs/cmake)
-- Found ament_cmake_ros: 0.10.0 (/opt/ros/humble/share/ament_cmake_ros/cmake)
-- Using all available rosidl_typesupport_c: rosidl_typesupport_fastrtps_c;rosidl_typesupport_introspection_c
-- Using all available rosidl_typesupport_cpp: rosidl_typesupport_fastrtps_cpp;rosidl_typesupport_introspection_cpp
-- Found PythonInterp: /usr/bin/python3 (found suitable version "3.10.12", minimum required is "3.6") 
-- Found python_cmake_module: 0.10.0 (/opt/ros/humble/share/python_cmake_module/cmake)
-- Found PythonLibs: /usr/lib/x86_64-linux-gnu/libpython3.10.so (found suitable version "3.10.12", minimum required is "3.5") 
-- Using PYTHON_EXECUTABLE: /usr/bin/python3
-- Using PYTHON_INCLUDE_DIRS: /usr/include/python3.10
-- Using PYTHON_LIBRARIES: /usr/lib/x86_64-linux-gnu/libpython3.10.so
-- Found PythonExtra: .so  
-- Found ament_lint_auto: 0.12.8 (/opt/ros/humble/share/ament_lint_auto/cmake)
-- Added test 'copyright' to check source files copyright and LICENSE
-- Added test 'cppcheck' to perform static code analysis on C / C++ code
-- Configured cppcheck include dirs: $<BUILD_INTERFACE:/home/tk/ros2_ws/src/happymimi_recognition2/happymimi_recognition_msgs2/build/happymimi_recognition_msgs2/rosidl_generator_c>;$<BUILD_INTERFACE:/home/tk/ros2_ws/src/happymimi_recognition2/happymimi_recognition_msgs2/build/happymimi_recognition_msgs2/rosidl_typesupport_fastrtps_c>;$<BUILD_INTERFACE:/home/tk/ros2_ws/src/happymimi_recognition2/happymimi_recognition_msgs2/build/happymimi_recognition_msgs2/rosidl_generator_cpp>;$<BUILD_INTERFACE:/home/tk/ros2_ws/src/happymimi_recognition2/happymimi_recognition_msgs2/build/happymimi_recognition_msgs2/rosidl_typesupport_fastrtps_cpp>;$<BUILD_INTERFACE:/home/tk/ros2_ws/src/happymimi_recognition2/happymimi_recognition_msgs2/build/happymimi_recognition_msgs2/rosidl_typesupport_introspection_c>;$<BUILD_INTERFACE:/home/tk/ros2_ws/src/happymimi_recognition2/happymimi_recognition_msgs2/build/happymimi_recognition_msgs2/rosidl_typesupport_introspection_cpp>;/home/tk/ros2_ws/src/happymimi_recognition2/happymimi_recognition_msgs2/build/happymimi_recognition_msgs2/rosidl_generator_c;/home/tk/ros2_ws/src/happymimi_recognition2/happymimi_recognition_msgs2/build/happymimi_recognition_msgs2/rosidl_generator_py
-- Configured cppcheck exclude dirs and/or files: 
-- Added test 'cpplint' to check C / C++ code against the Google style
-- Configured cpplint exclude dirs and/or files: 
-- Added test 'flake8' to check Python code syntax and style conventions
-- Added test 'lint_cmake' to check CMake code style
-- Added test 'pep257' to check Python code against some of the docstring style conventions in PEP 257
-- Added test 'uncrustify' to check C / C++ code style
-- Configured uncrustify additional arguments: 
-- Added test 'xmllint' to check XML markup files
-- Configuring done
-- Generating done
-- Build files have been written to: /home/tk/ros2_ws/src/happymimi_recognition2/happymimi_recognition_msgs2/build/happymimi_recognition_msgs2
[  1%] [34m[1mGenerating C code for ROS interfaces[0m
[  1%] [34m[1mGenerating C++ code for ROS interfaces[0m
[  1%] Built target ament_cmake_python_copy_happymimi_recognition_msgs2
running egg_info
creating happymimi_recognition_msgs2.egg-info
writing happymimi_recognition_msgs2.egg-info/PKG-INFO
writing dependency_links to happymimi_recognition_msgs2.egg-info/dependency_links.txt
writing top-level names to happymimi_recognition_msgs2.egg-info/top_level.txt
writing manifest file 'happymimi_recognition_msgs2.egg-info/SOURCES.txt'
reading manifest file 'happymimi_recognition_msgs2.egg-info/SOURCES.txt'
writing manifest file 'happymimi_recognition_msgs2.egg-info/SOURCES.txt'
[  1%] Built target ament_cmake_python_build_happymimi_recognition_msgs2_egg
[  1%] Built target happymimi_recognition_msgs2__cpp
[  4%] [34m[1mGenerating C++ type support for eProsima Fast-RTPS[0m
[  4%] [34m[1mGenerating C++ introspection for ROS interfaces[0m
[  4%] [34m[1mGenerating C++ type support dispatch for ROS interfaces[0m
[  7%] [32mBuilding C object CMakeFiles/happymimi_recognition_msgs2__rosidl_generator_c.dir/rosidl_generator_c/happymimi_recognition_msgs2/srv/detail/depthmeter__functions.c.o[0m
[  7%] [32mBuilding C object CMakeFiles/happymimi_recognition_msgs2__rosidl_generator_c.dir/rosidl_generator_c/happymimi_recognition_msgs2/srv/detail/clip__functions.c.o[0m
[  7%] [32mBuilding C object CMakeFiles/happymimi_recognition_msgs2__rosidl_generator_c.dir/rosidl_generator_c/happymimi_recognition_msgs2/srv/detail/itt__functions.c.o[0m
[  8%] [32mBuilding C object CMakeFiles/happymimi_recognition_msgs2__rosidl_generator_c.dir/rosidl_generator_c/happymimi_recognition_msgs2/srv/detail/multiple_localize__functions.c.o[0m
[  9%] [32mBuilding C object CMakeFiles/happymimi_recognition_msgs2__rosidl_generator_c.dir/rosidl_generator_c/happymimi_recognition_msgs2/srv/detail/position_estimator__functions.c.o[0m
[ 12%] [32mBuilding C object CMakeFiles/happymimi_recognition_msgs2__rosidl_generator_c.dir/rosidl_generator_c/happymimi_recognition_msgs2/srv/detail/recognition_count__functions.c.o[0m
[ 12%] [32mBuilding C object CMakeFiles/happymimi_recognition_msgs2__rosidl_generator_c.dir/rosidl_generator_c/happymimi_recognition_msgs2/srv/detail/recognition_find__functions.c.o[0m
[ 12%] [32mBuilding C object CMakeFiles/happymimi_recognition_msgs2__rosidl_generator_c.dir/rosidl_generator_c/happymimi_recognition_msgs2/srv/detail/recognition_list__functions.c.o[0m
[ 13%] [32mBuilding C object CMakeFiles/happymimi_recognition_msgs2__rosidl_generator_c.dir/rosidl_generator_c/happymimi_recognition_msgs2/srv/detail/recognition_localize__functions.c.o[0m
[ 14%] [32mBuilding C object CMakeFiles/happymimi_recognition_msgs2__rosidl_generator_c.dir/rosidl_generator_c/happymimi_recognition_msgs2/action/detail/recognition_processing__functions.c.o[0m
In file included from [01m[K/home/tk/ros2_ws/src/happymimi_recognition2/happymimi_recognition_msgs2/build/happymimi_recognition_msgs2/rosidl_generator_c/happymimi_recognition_msgs2/srv/detail/recognition_localize__functions.h:19[m[K,
                 from [01m[K/home/tk/ros2_ws/src/happymimi_recognition2/happymimi_recognition_msgs2/build/happymimi_recognition_msgs2/rosidl_generator_c/happymimi_recognition_msgs2/srv/detail/recognition_localize__functions.c:4[m[K:
[01m[K/home/tk/ros2_ws/src/happymimi_recognition2/happymimi_recognition_msgs2/build/happymimi_recognition_msgs2/rosidl_generator_c/happymimi_recognition_msgs2/srv/detail/recognition_localize__struct.h:24:10:[m[K [01;31m[Kfatal error: [m[Khappymimi_msgs2/msg/detail/str_int__struct.h: No such file or directory
   24 | #include [01;31m[K"happymimi_msgs2/msg/detail/str_int__struct.h"[m[K
      |          [01;31m[K^~~~~~~~~~~~~~~~~~~~~~~~~~~~~~~~~~~~~~~~~~~~~~[m[K
compilation terminated.
gmake[2]: *** [CMakeFiles/happymimi_recognition_msgs2__rosidl_generator_c.dir/build.make:434: CMakeFiles/happymimi_recognition_msgs2__rosidl_generator_c.dir/rosidl_generator_c/happymimi_recognition_msgs2/srv/detail/recognition_localize__functions.c.o] Error 1
gmake[2]: *** Waiting for unfinished jobs....
gmake[1]: *** [CMakeFiles/Makefile2:213: CMakeFiles/happymimi_recognition_msgs2__rosidl_generator_c.dir/all] Error 2
gmake[1]: *** Waiting for unfinished jobs....
[ 17%] [32mBuilding CXX object CMakeFiles/happymimi_recognition_msgs2__rosidl_typesupport_cpp.dir/rosidl_typesupport_cpp/happymimi_recognition_msgs2/srv/itt__type_support.cpp.o[0m
[ 18%] [32mBuilding CXX object CMakeFiles/happymimi_recognition_msgs2__rosidl_typesupport_cpp.dir/rosidl_typesupport_cpp/happymimi_recognition_msgs2/srv/position_estimator__type_support.cpp.o[0m
[ 18%] [32mBuilding CXX object CMakeFiles/happymimi_recognition_msgs2__rosidl_typesupport_cpp.dir/rosidl_typesupport_cpp/happymimi_recognition_msgs2/srv/clip__type_support.cpp.o[0m
[ 19%] [32mBuilding CXX object CMakeFiles/happymimi_recognition_msgs2__rosidl_typesupport_cpp.dir/rosidl_typesupport_cpp/happymimi_recognition_msgs2/srv/multiple_localize__type_support.cpp.o[0m
[ 20%] [32mBuilding CXX object CMakeFiles/happymimi_recognition_msgs2__rosidl_typesupport_cpp.dir/rosidl_typesupport_cpp/happymimi_recognition_msgs2/srv/recognition_count__type_support.cpp.o[0m
[ 17%] [32mBuilding CXX object CMakeFiles/happymimi_recognition_msgs2__rosidl_typesupport_cpp.dir/rosidl_typesupport_cpp/happymimi_recognition_msgs2/srv/depthmeter__type_support.cpp.o[0m
[ 22%] [32mBuilding CXX object CMakeFiles/happymimi_recognition_msgs2__rosidl_typesupport_cpp.dir/rosidl_typesupport_cpp/happymimi_recognition_msgs2/srv/recognition_find__type_support.cpp.o[0m
[ 22%] [32mBuilding CXX object CMakeFiles/happymimi_recognition_msgs2__rosidl_typesupport_cpp.dir/rosidl_typesupport_cpp/happymimi_recognition_msgs2/srv/recognition_list__type_support.cpp.o[0m
[ 23%] [32mBuilding CXX object CMakeFiles/happymimi_recognition_msgs2__rosidl_typesupport_cpp.dir/rosidl_typesupport_cpp/happymimi_recognition_msgs2/srv/recognition_localize__type_support.cpp.o[0m
[ 24%] [32mBuilding CXX object CMakeFiles/happymimi_recognition_msgs2__rosidl_typesupport_cpp.dir/rosidl_typesupport_cpp/happymimi_recognition_msgs2/action/recognition_processing__type_support.cpp.o[0m
[ 27%] [32mBuilding CXX object CMakeFiles/happymimi_recognition_msgs2__rosidl_typesupport_introspection_cpp.dir/rosidl_typesupport_introspection_cpp/happymimi_recognition_msgs2/srv/detail/depthmeter__type_support.cpp.o[0m
[ 27%] [32mBuilding CXX object CMakeFiles/happymimi_recognition_msgs2__rosidl_typesupport_introspection_cpp.dir/rosidl_typesupport_introspection_cpp/happymimi_recognition_msgs2/srv/detail/itt__type_support.cpp.o[0m
[ 27%] [32mBuilding CXX object CMakeFiles/happymimi_recognition_msgs2__rosidl_typesupport_introspection_cpp.dir/rosidl_typesupport_introspection_cpp/happymimi_recognition_msgs2/srv/detail/clip__type_support.cpp.o[0m
In file included from [01m[K/home/tk/ros2_ws/src/happymimi_recognition2/happymimi_recognition_msgs2/build/happymimi_recognition_msgs2/rosidl_typesupport_cpp/happymimi_recognition_msgs2/srv/recognition_localize__type_support.cpp:7[m[K:
[01m[K/home/tk/ros2_ws/src/happymimi_recognition2/happymimi_recognition_msgs2/build/happymimi_recognition_msgs2/rosidl_generator_cpp/happymimi_recognition_msgs2/srv/detail/recognition_localize__struct.hpp:20:10:[m[K [01;31m[Kfatal error: [m[Khappymimi_msgs2/msg/detail/str_int__struct.hpp: No such file or directory
   20 | #include [01;31m[K"happymimi_msgs2/msg/detail/str_int__struct.hpp"[m[K
      |          [01;31m[K^~~~~~~~~~~~~~~~~~~~~~~~~~~~~~~~~~~~~~~~~~~~~~~~[m[K
compilation terminated.
gmake[2]: *** [CMakeFiles/happymimi_recognition_msgs2__rosidl_typesupport_cpp.dir/build.make:307: CMakeFiles/happymimi_recognition_msgs2__rosidl_typesupport_cpp.dir/rosidl_typesupport_cpp/happymimi_recognition_msgs2/srv/recognition_localize__type_support.cpp.o] Error 1
gmake[2]: *** Waiting for unfinished jobs....
[ 28%] [32mBuilding CXX object CMakeFiles/happymimi_recognition_msgs2__rosidl_typesupport_introspection_cpp.dir/rosidl_typesupport_introspection_cpp/happymimi_recognition_msgs2/srv/detail/multiple_localize__type_support.cpp.o[0m
[ 29%] [32mBuilding CXX object CMakeFiles/happymimi_recognition_msgs2__rosidl_typesupport_fastrtps_cpp.dir/rosidl_typesupport_fastrtps_cpp/happymimi_recognition_msgs2/srv/detail/dds_fastrtps/clip__type_support.cpp.o[0m
[ 30%] [32mBuilding CXX object CMakeFiles/happymimi_recognition_msgs2__rosidl_typesupport_fastrtps_cpp.dir/rosidl_typesupport_fastrtps_cpp/happymimi_recognition_msgs2/srv/detail/dds_fastrtps/depthmeter__type_support.cpp.o[0m
[ 30%] [32mBuilding CXX object CMakeFiles/happymimi_recognition_msgs2__rosidl_typesupport_fastrtps_cpp.dir/rosidl_typesupport_fastrtps_cpp/happymimi_recognition_msgs2/srv/detail/dds_fastrtps/itt__type_support.cpp.o[0m
[ 31%] [32mBuilding CXX object CMakeFiles/happymimi_recognition_msgs2__rosidl_typesupport_introspection_cpp.dir/rosidl_typesupport_introspection_cpp/happymimi_recognition_msgs2/srv/detail/position_estimator__type_support.cpp.o[0m
[ 32%] [32mBuilding CXX object CMakeFiles/happymimi_recognition_msgs2__rosidl_typesupport_introspection_cpp.dir/rosidl_typesupport_introspection_cpp/happymimi_recognition_msgs2/srv/detail/recognition_count__type_support.cpp.o[0m
[ 33%] [32mBuilding CXX object CMakeFiles/happymimi_recognition_msgs2__rosidl_typesupport_introspection_cpp.dir/rosidl_typesupport_introspection_cpp/happymimi_recognition_msgs2/srv/detail/recognition_find__type_support.cpp.o[0m
gmake[1]: *** [CMakeFiles/Makefile2:395: CMakeFiles/happymimi_recognition_msgs2__rosidl_typesupport_cpp.dir/all] Error 2
[ 34%] [32mBuilding CXX object CMakeFiles/happymimi_recognition_msgs2__rosidl_typesupport_introspection_cpp.dir/rosidl_typesupport_introspection_cpp/happymimi_recognition_msgs2/srv/detail/recognition_list__type_support.cpp.o[0m
[ 35%] [32mBuilding CXX object CMakeFiles/happymimi_recognition_msgs2__rosidl_typesupport_introspection_cpp.dir/rosidl_typesupport_introspection_cpp/happymimi_recognition_msgs2/srv/detail/recognition_localize__type_support.cpp.o[0m
In file included from [01m[K/home/tk/ros2_ws/src/happymimi_recognition2/happymimi_recognition_msgs2/build/happymimi_recognition_msgs2/rosidl_typesupport_introspection_cpp/happymimi_recognition_msgs2/srv/detail/recognition_localize__type_support.cpp:12[m[K:
[01m[K/home/tk/ros2_ws/src/happymimi_recognition2/happymimi_recognition_msgs2/build/happymimi_recognition_msgs2/rosidl_generator_cpp/happymimi_recognition_msgs2/srv/detail/recognition_localize__struct.hpp:20:10:[m[K [01;31m[Kfatal error: [m[Khappymimi_msgs2/msg/detail/str_int__struct.hpp: No such file or directory
   20 | #include [01;31m[K"happymimi_msgs2/msg/detail/str_int__struct.hpp"[m[K
      |          [01;31m[K^~~~~~~~~~~~~~~~~~~~~~~~~~~~~~~~~~~~~~~~~~~~~~~~[m[K
compilation terminated.
gmake[2]: *** [CMakeFiles/happymimi_recognition_msgs2__rosidl_typesupport_introspection_cpp.dir/build.make:339: CMakeFiles/happymimi_recognition_msgs2__rosidl_typesupport_introspection_cpp.dir/rosidl_typesupport_introspection_cpp/happymimi_recognition_msgs2/srv/detail/recognition_localize__type_support.cpp.o] Error 1
gmake[2]: *** Waiting for unfinished jobs....
[ 36%] [32mBuilding CXX object CMakeFiles/happymimi_recognition_msgs2__rosidl_typesupport_fastrtps_cpp.dir/rosidl_typesupport_fastrtps_cpp/happymimi_recognition_msgs2/srv/detail/dds_fastrtps/multiple_localize__type_support.cpp.o[0m
[ 37%] [32mBuilding CXX object CMakeFiles/happymimi_recognition_msgs2__rosidl_typesupport_fastrtps_cpp.dir/rosidl_typesupport_fastrtps_cpp/happymimi_recognition_msgs2/srv/detail/dds_fastrtps/position_estimator__type_support.cpp.o[0m
[ 38%] [32mBuilding CXX object CMakeFiles/happymimi_recognition_msgs2__rosidl_typesupport_fastrtps_cpp.dir/rosidl_typesupport_fastrtps_cpp/happymimi_recognition_msgs2/srv/detail/dds_fastrtps/recognition_count__type_support.cpp.o[0m
[ 39%] [32mBuilding CXX object CMakeFiles/happymimi_recognition_msgs2__rosidl_typesupport_fastrtps_cpp.dir/rosidl_typesupport_fastrtps_cpp/happymimi_recognition_msgs2/srv/detail/dds_fastrtps/recognition_find__type_support.cpp.o[0m
[ 40%] [32mBuilding CXX object CMakeFiles/happymimi_recognition_msgs2__rosidl_typesupport_fastrtps_cpp.dir/rosidl_typesupport_fastrtps_cpp/happymimi_recognition_msgs2/srv/detail/dds_fastrtps/recognition_list__type_support.cpp.o[0m
[ 41%] [32mBuilding CXX object CMakeFiles/happymimi_recognition_msgs2__rosidl_typesupport_fastrtps_cpp.dir/rosidl_typesupport_fastrtps_cpp/happymimi_recognition_msgs2/srv/detail/dds_fastrtps/recognition_localize__type_support.cpp.o[0m
[ 42%] [32mBuilding CXX object CMakeFiles/happymimi_recognition_msgs2__rosidl_typesupport_fastrtps_cpp.dir/rosidl_typesupport_fastrtps_cpp/happymimi_recognition_msgs2/action/detail/dds_fastrtps/recognition_processing__type_support.cpp.o[0m
In file included from [01m[K/home/tk/ros2_ws/src/happymimi_recognition2/happymimi_recognition_msgs2/build/happymimi_recognition_msgs2/rosidl_typesupport_fastrtps_cpp/happymimi_recognition_msgs2/srv/detail/recognition_localize__rosidl_typesupport_fastrtps_cpp.hpp:11[m[K,
                 from [01m[K/home/tk/ros2_ws/src/happymimi_recognition2/happymimi_recognition_msgs2/build/happymimi_recognition_msgs2/rosidl_typesupport_fastrtps_cpp/happymimi_recognition_msgs2/srv/detail/dds_fastrtps/recognition_localize__type_support.cpp:4[m[K:
[01m[K/home/tk/ros2_ws/src/happymimi_recognition2/happymimi_recognition_msgs2/build/happymimi_recognition_msgs2/rosidl_generator_cpp/happymimi_recognition_msgs2/srv/detail/recognition_localize__struct.hpp:20:10:[m[K [01;31m[Kfatal error: [m[Khappymimi_msgs2/msg/detail/str_int__struct.hpp: No such file or directory
   20 | #include [01;31m[K"happymimi_msgs2/msg/detail/str_int__struct.hpp"[m[K
      |          [01;31m[K^~~~~~~~~~~~~~~~~~~~~~~~~~~~~~~~~~~~~~~~~~~~~~~~[m[K
compilation terminated.
gmake[2]: *** [CMakeFiles/happymimi_recognition_msgs2__rosidl_typesupport_fastrtps_cpp.dir/build.make:339: CMakeFiles/happymimi_recognition_msgs2__rosidl_typesupport_fastrtps_cpp.dir/rosidl_typesupport_fastrtps_cpp/happymimi_recognition_msgs2/srv/detail/dds_fastrtps/recognition_localize__type_support.cpp.o] Error 1
gmake[2]: *** Waiting for unfinished jobs....
gmake[1]: *** [CMakeFiles/Makefile2:369: CMakeFiles/happymimi_recognition_msgs2__rosidl_typesupport_introspection_cpp.dir/all] Error 2
gmake[1]: *** [CMakeFiles/Makefile2:291: CMakeFiles/happymimi_recognition_msgs2__rosidl_typesupport_fastrtps_cpp.dir/all] Error 2
gmake: *** [Makefile:146: all] Error 2
